
2016-08-13 00:42:46

Operating System
  Name                        = Linux Mint 17.3 Rosa
  Version                     = 17.3
  Architecture                = 64bit
  # CPUs                      = 4
  Memory                      = 3934433280

Node.js
  Node.js Version             = 4.4.7
  npm Version                 = 2.15.8

Titanium CLI
  CLI Version                 = 5.0.6

Titanium SDK
  SDK Version                 = 5.2.2.GA
  SDK Path                    = /home/anonymous/.titanium/mobilesdk/linux/5.2.2.GA
  Target Platform             = android

Command
  /usr/bin/nodejs /home/anonymous/.appcelerator/install/5.2.2/package/node_modules/titanium/lib/titanium.js build run --platform android --log-level trace --sdk 5.2.2.GA --project-dir /home/anonymous/Escritorio/Appcelerator_Work/cursoMoviles --target device --android-sdk /home/anonymous/Escritorio/Appcelerator_Studio --device-id 3300f86e3f4e82af --skip-js-minify --liveview --deploy-type development --no-colors --no-progress-bars --no-prompt --prompt-type socket-bundle --prompt-port 34265 --config-file /tmp/build-1471066961496.json --no-banner --project-dir /home/anonymous/Escritorio/Appcelerator_Work/cursoMoviles

[DEBUG]  Detecting modules in /home/anonymous/.titanium/modules
[DEBUG]  Detected android module: facebook 5.0.0 @ /home/anonymous/.titanium/modules/android/facebook/5.0.0
[DEBUG]  Detected android module: ti.cloudpush 3.4.1 @ /home/anonymous/.titanium/modules/android/ti.cloudpush/3.4.1
[DEBUG]  Detected android module: ti.map 2.3.6 @ /home/anonymous/.titanium/modules/android/ti.map/2.3.6
[DEBUG]  Detected commonjs module: ti.cloud 3.2.10 @ /home/anonymous/.titanium/modules/commonjs/ti.cloud/3.2.10
[DEBUG]  No project level plugins to load
[TRACE]  Snapshotting build directory
[DEBUG]  Titanium SDK Android directory: /home/anonymous/.titanium/mobilesdk/linux/5.2.2.GA/android
[INFO]   Deploy type: development
[INFO]   Building for target: device
[INFO]   Building for device: 3300f86e3f4e82af
[INFO]   Targeting Android SDK API: 23
[INFO]   Building for the following architectures: armeabi, armeabi-v7a, x86
[INFO]   Signing with keystore: /home/anonymous/.titanium/mobilesdk/linux/5.2.2.GA/android/dev_keystore (tidev)
[DEBUG]  App ID: com.cursoMoviles
[DEBUG]  Classname: Cursomoviles
[INFO]   Debugging disabled
[INFO]   Profiler disabled
[INFO]   Forcing rebuild: JavaScript encryption flag changed
[INFO]     Was: true
[INFO]     Now: false
[TRACE]  offline build file /tmp/build-fdab151c5b509ca47773569cea901faa6fac7cb9.json
[TRACE]  online 1
[TRACE]  optimizing build, last build was 6628.509 sec ago
[DEBUG]  Copying /home/anonymous/Escritorio/Appcelerator_Work/cursoMoviles/Resources
[DEBUG]  Ignoring /home/anonymous/Escritorio/Appcelerator_Work/cursoMoviles/Resources/android
[DEBUG]  Ignoring /home/anonymous/Escritorio/Appcelerator_Work/cursoMoviles/Resources/mobileweb
[DEBUG]  Copying /home/anonymous/Escritorio/Appcelerator_Work/cursoMoviles/Resources/android
[WARN]   Overwriting file /home/anonymous/Escritorio/Appcelerator_Work/cursoMoviles/build/android/bin/assets/Resources/appicon.png
[DEBUG]  Symlinking /home/anonymous/Escritorio/Appcelerator_Work/cursoMoviles/Resources/android/appicon.png => /home/anonymous/Escritorio/Appcelerator_Work/cursoMoviles/build/android/bin/assets/Resources/appicon.png
[DEBUG]  Symlinking /home/anonymous/Escritorio/Appcelerator_Work/cursoMoviles/Resources/android/default.png => /home/anonymous/Escritorio/Appcelerator_Work/cursoMoviles/build/android/res/drawable/background.png
[WARN]   Overwriting file /home/anonymous/Escritorio/Appcelerator_Work/cursoMoviles/build/android/bin/assets/Resources/images/reply.png
[DEBUG]  Symlinking /home/anonymous/Escritorio/Appcelerator_Work/cursoMoviles/Resources/android/images/reply.png => /home/anonymous/Escritorio/Appcelerator_Work/cursoMoviles/build/android/bin/assets/Resources/images/reply.png
[DEBUG]  Symlinking /home/anonymous/Escritorio/Appcelerator_Work/cursoMoviles/Resources/android/images/res-long-land-hdpi/default.png => /home/anonymous/Escritorio/Appcelerator_Work/cursoMoviles/build/android/res/drawable-long-land-hdpi/background.png
[DEBUG]  Symlinking /home/anonymous/Escritorio/Appcelerator_Work/cursoMoviles/Resources/android/images/res-long-land-ldpi/default.png => /home/anonymous/Escritorio/Appcelerator_Work/cursoMoviles/build/android/res/drawable-long-land-ldpi/background.png
[DEBUG]  Symlinking /home/anonymous/Escritorio/Appcelerator_Work/cursoMoviles/Resources/android/images/res-long-port-hdpi/default.png => /home/anonymous/Escritorio/Appcelerator_Work/cursoMoviles/build/android/res/drawable-long-port-hdpi/background.png
[DEBUG]  Symlinking /home/anonymous/Escritorio/Appcelerator_Work/cursoMoviles/Resources/android/images/res-long-port-ldpi/default.png => /home/anonymous/Escritorio/Appcelerator_Work/cursoMoviles/build/android/res/drawable-long-port-ldpi/background.png
[DEBUG]  Symlinking /home/anonymous/Escritorio/Appcelerator_Work/cursoMoviles/Resources/android/images/res-notlong-land-hdpi/default.png => /home/anonymous/Escritorio/Appcelerator_Work/cursoMoviles/build/android/res/drawable-notlong-land-hdpi/background.png
[DEBUG]  Symlinking /home/anonymous/Escritorio/Appcelerator_Work/cursoMoviles/Resources/android/images/res-notlong-land-ldpi/default.png => /home/anonymous/Escritorio/Appcelerator_Work/cursoMoviles/build/android/res/drawable-notlong-land-ldpi/background.png
[DEBUG]  Symlinking /home/anonymous/Escritorio/Appcelerator_Work/cursoMoviles/Resources/android/images/res-notlong-land-mdpi/default.png => /home/anonymous/Escritorio/Appcelerator_Work/cursoMoviles/build/android/res/drawable-notlong-land-mdpi/background.png
[DEBUG]  Symlinking /home/anonymous/Escritorio/Appcelerator_Work/cursoMoviles/Resources/android/images/res-notlong-port-hdpi/default.png => /home/anonymous/Escritorio/Appcelerator_Work/cursoMoviles/build/android/res/drawable-notlong-port-hdpi/background.png
[DEBUG]  Symlinking /home/anonymous/Escritorio/Appcelerator_Work/cursoMoviles/Resources/android/images/res-notlong-port-ldpi/default.png => /home/anonymous/Escritorio/Appcelerator_Work/cursoMoviles/build/android/res/drawable-notlong-port-ldpi/background.png
[DEBUG]  Symlinking /home/anonymous/Escritorio/Appcelerator_Work/cursoMoviles/Resources/android/images/res-notlong-port-mdpi/default.png => /home/anonymous/Escritorio/Appcelerator_Work/cursoMoviles/build/android/res/drawable-notlong-port-mdpi/background.png
[WARN]   Overwriting file /home/anonymous/Escritorio/Appcelerator_Work/cursoMoviles/build/android/bin/assets/Resources/images/ret.png
[DEBUG]  Symlinking /home/anonymous/Escritorio/Appcelerator_Work/cursoMoviles/Resources/android/images/ret.png => /home/anonymous/Escritorio/Appcelerator_Work/cursoMoviles/build/android/bin/assets/Resources/images/ret.png
[WARN]   Overwriting file /home/anonymous/Escritorio/Appcelerator_Work/cursoMoviles/build/android/bin/assets/Resources/images/star.png
[DEBUG]  Symlinking /home/anonymous/Escritorio/Appcelerator_Work/cursoMoviles/Resources/android/images/star.png => /home/anonymous/Escritorio/Appcelerator_Work/cursoMoviles/build/android/bin/assets/Resources/images/star.png
[DEBUG]  Symlinking /home/anonymous/Escritorio/Appcelerator_Work/cursoMoviles/build/android/bin/assets/Resources/appicon.png => /home/anonymous/Escritorio/Appcelerator_Work/cursoMoviles/build/android/res/drawable/appicon.png
[INFO]   Processing JavaScript files
[DEBUG]  Symlinking /tmp/liveview.js => /home/anonymous/Escritorio/Appcelerator_Work/cursoMoviles/build/android/assets/app.js
[DEBUG]  Symlinking /home/anonymous/Escritorio/Appcelerator_Work/cursoMoviles/Resources/ventana.js => /home/anonymous/Escritorio/Appcelerator_Work/cursoMoviles/build/android/assets/ventana.js
[INFO]   Encrypting JavaScript files: /home/anonymous/.titanium/mobilesdk/linux/5.2.2.GA/android/titanium_prep.linux64 "com.cursoMoviles" "/home/anonymous/Escritorio/Appcelerator_Work/cursoMoviles/build/android/assets" "app.js" "ventana.js" "_app_props_.json"
[DEBUG]  Adding library /home/anonymous/.titanium/mobilesdk/linux/5.2.2.GA/android/kroll-v8.jar
[DEBUG]  Adding library /home/anonymous/.titanium/mobilesdk/linux/5.2.2.GA/android/modules/titanium-analytics.jar
[DEBUG]  Adding dependency library /home/anonymous/.titanium/mobilesdk/linux/5.2.2.GA/android/aps-analytics.jar
[DEBUG]  Adding library /home/anonymous/.titanium/mobilesdk/linux/5.2.2.GA/android/modules/titanium-android.jar
[DEBUG]  Adding dependency library /home/anonymous/.titanium/mobilesdk/linux/5.2.2.GA/android/jaxen-1.1.1.jar
[DEBUG]  Adding dependency library /home/anonymous/.titanium/mobilesdk/linux/5.2.2.GA/android/ti-commons-codec-1.3.jar
[DEBUG]  Adding dependency library /home/anonymous/.titanium/mobilesdk/linux/5.2.2.GA/android/kroll-common.jar
[DEBUG]  Adding dependency library /home/anonymous/.titanium/mobilesdk/linux/5.2.2.GA/android/titanium.jar
[DEBUG]  Adding library /home/anonymous/.titanium/mobilesdk/linux/5.2.2.GA/android/modules/titanium-app.jar
[DEBUG]  Adding library /home/anonymous/.titanium/mobilesdk/linux/5.2.2.GA/android/modules/titanium-ui.jar
[DEBUG]  Adding dependency library /home/anonymous/.titanium/mobilesdk/linux/5.2.2.GA/android/nineoldandroids-appc-2.4.0.jar
[DEBUG]  Adding library /home/anonymous/.titanium/mobilesdk/linux/5.2.2.GA/android/modules/titanium-filesystem.jar
[DEBUG]  Adding library /home/anonymous/.titanium/mobilesdk/linux/5.2.2.GA/android/modules/titanium-media.jar
[DEBUG]  Adding library /home/anonymous/.titanium/mobilesdk/linux/5.2.2.GA/android/modules/titanium-appcompat.jar
[DEBUG]  Adding dependency library /home/anonymous/.titanium/mobilesdk/linux/5.2.2.GA/android/android-support-v4.jar
[DEBUG]  Adding dependency library /home/anonymous/.titanium/mobilesdk/linux/5.2.2.GA/android/android-support-v7-appcompat.jar
[DEBUG]  Adding library /home/anonymous/.titanium/mobilesdk/linux/5.2.2.GA/android/modules/titanium-cardview.jar
[DEBUG]  Adding dependency library /home/anonymous/.titanium/mobilesdk/linux/5.2.2.GA/android/cardview-v7-23.0.1.jar
[DEBUG]  Adding library /home/anonymous/.titanium/mobilesdk/linux/5.2.2.GA/android/modules/titanium-locale.jar
[DEBUG]  Adding library /home/anonymous/.titanium/mobilesdk/linux/5.2.2.GA/android/modules/titanium-network.jar
[DEBUG]  Adding library /home/anonymous/.titanium/mobilesdk/linux/5.2.2.GA/android/modules/titanium-xml.jar
[DEBUG]  Adding library /home/anonymous/.titanium/mobilesdk/linux/5.2.2.GA/android/modules/titanium-utils.jar
[DEBUG]  Adding library /home/anonymous/.titanium/mobilesdk/linux/5.2.2.GA/android/modules/titanium-geolocation.jar
[DEBUG]  Adding library /home/anonymous/.titanium/mobilesdk/linux/5.2.2.GA/android/modules/titanium-accelerometer.jar
[DEBUG]  Adding library /home/anonymous/.titanium/mobilesdk/linux/5.2.2.GA/android/modules/titanium-contacts.jar
[DEBUG]  Adding library /home/anonymous/.titanium/mobilesdk/linux/5.2.2.GA/android/modules/titanium-map.jar
[DEBUG]  Adding library /home/anonymous/.titanium/mobilesdk/linux/5.2.2.GA/android/modules/titanium-gesture.jar
[DEBUG]  Adding library /home/anonymous/.titanium/mobilesdk/linux/5.2.2.GA/android/modules/titanium-calendar.jar
[DEBUG]  Adding library /home/anonymous/.titanium/mobilesdk/linux/5.2.2.GA/android/modules/titanium-platform.jar
[DEBUG]  Adding library /home/anonymous/.titanium/mobilesdk/linux/5.2.2.GA/android/modules/titanium-database.jar
[DEBUG]  Unknown namespace stream, skipping
[INFO]   Writing /home/anonymous/Escritorio/Appcelerator_Work/cursoMoviles/build/android/bin/assets/app.json
[INFO]   Extracting module resources: /home/anonymous/.titanium/mobilesdk/linux/5.2.2.GA/android/modules/titanium-analytics.res.zip
[DEBUG]  Copying /tmp/116713-3094-h4u23w/res/values/strings.xml => /home/anonymous/Escritorio/Appcelerator_Work/cursoMoviles/build/android/res/values/strings.xml
[INFO]   Extracting module resources: /home/anonymous/.titanium/mobilesdk/linux/5.2.2.GA/android/modules/titanium-android.res.zip
[DEBUG]  Merging /tmp/116713-3094-fukox2/res/values/strings.xml => /home/anonymous/Escritorio/Appcelerator_Work/cursoMoviles/build/android/res/values/strings.xml
[INFO]   Extracting module resources: /home/anonymous/.titanium/mobilesdk/linux/5.2.2.GA/android/modules/titanium-app.res.zip
[DEBUG]  Merging /tmp/116713-3094-66u4jf/res/values/strings.xml => /home/anonymous/Escritorio/Appcelerator_Work/cursoMoviles/build/android/res/values/strings.xml
[INFO]   Extracting module resources: /home/anonymous/.titanium/mobilesdk/linux/5.2.2.GA/android/modules/titanium-filesystem.res.zip
[DEBUG]  Merging /tmp/116713-3094-hnwidi/res/values/strings.xml => /home/anonymous/Escritorio/Appcelerator_Work/cursoMoviles/build/android/res/values/strings.xml
[INFO]   Extracting module resources: /home/anonymous/.titanium/mobilesdk/linux/5.2.2.GA/android/modules/titanium-media.res.zip
[DEBUG]  Merging /tmp/116713-3094-15tup21/res/values/strings.xml => /home/anonymous/Escritorio/Appcelerator_Work/cursoMoviles/build/android/res/values/strings.xml
[INFO]   Extracting module resources: /home/anonymous/.titanium/mobilesdk/linux/5.2.2.GA/android/modules/titanium-locale.res.zip
[DEBUG]  Merging /tmp/116713-3094-17ymx5c/res/values/strings.xml => /home/anonymous/Escritorio/Appcelerator_Work/cursoMoviles/build/android/res/values/strings.xml
[INFO]   Extracting module resources: /home/anonymous/.titanium/mobilesdk/linux/5.2.2.GA/android/modules/titanium-network.res.zip
[DEBUG]  Merging /tmp/116713-3094-9zw2cv/res/values/strings.xml => /home/anonymous/Escritorio/Appcelerator_Work/cursoMoviles/build/android/res/values/strings.xml
[INFO]   Extracting module resources: /home/anonymous/.titanium/mobilesdk/linux/5.2.2.GA/android/modules/titanium-xml.res.zip
[DEBUG]  Merging /tmp/116713-3094-144d8b9/res/values/strings.xml => /home/anonymous/Escritorio/Appcelerator_Work/cursoMoviles/build/android/res/values/strings.xml
[INFO]   Extracting module resources: /home/anonymous/.titanium/mobilesdk/linux/5.2.2.GA/android/modules/titanium-utils.res.zip
[DEBUG]  Merging /tmp/116713-3094-gipcq/res/values/strings.xml => /home/anonymous/Escritorio/Appcelerator_Work/cursoMoviles/build/android/res/values/strings.xml
[INFO]   Extracting module resources: /home/anonymous/.titanium/mobilesdk/linux/5.2.2.GA/android/modules/titanium-geolocation.res.zip
[DEBUG]  Merging /tmp/116713-3094-11lv658/res/values/strings.xml => /home/anonymous/Escritorio/Appcelerator_Work/cursoMoviles/build/android/res/values/strings.xml
[INFO]   Extracting module resources: /home/anonymous/.titanium/mobilesdk/linux/5.2.2.GA/android/modules/titanium-accelerometer.res.zip
[DEBUG]  Merging /tmp/116713-3094-1xaolme/res/values/strings.xml => /home/anonymous/Escritorio/Appcelerator_Work/cursoMoviles/build/android/res/values/strings.xml
[INFO]   Extracting module resources: /home/anonymous/.titanium/mobilesdk/linux/5.2.2.GA/android/modules/titanium-contacts.res.zip
[DEBUG]  Merging /tmp/116713-3094-1w73ij8/res/values/strings.xml => /home/anonymous/Escritorio/Appcelerator_Work/cursoMoviles/build/android/res/values/strings.xml
[INFO]   Extracting module resources: /home/anonymous/.titanium/mobilesdk/linux/5.2.2.GA/android/modules/titanium-map.res.zip
[DEBUG]  Merging /tmp/116713-3094-1nocf8e/res/values/strings.xml => /home/anonymous/Escritorio/Appcelerator_Work/cursoMoviles/build/android/res/values/strings.xml
[INFO]   Extracting module resources: /home/anonymous/.titanium/mobilesdk/linux/5.2.2.GA/android/modules/titanium-gesture.res.zip
[DEBUG]  Merging /tmp/116713-3094-1q3bexl/res/values/strings.xml => /home/anonymous/Escritorio/Appcelerator_Work/cursoMoviles/build/android/res/values/strings.xml
[INFO]   Extracting module resources: /home/anonymous/.titanium/mobilesdk/linux/5.2.2.GA/android/modules/titanium-calendar.res.zip
[DEBUG]  Merging /tmp/116713-3094-5av9rq/res/values/strings.xml => /home/anonymous/Escritorio/Appcelerator_Work/cursoMoviles/build/android/res/values/strings.xml
[INFO]   Extracting module resources: /home/anonymous/.titanium/mobilesdk/linux/5.2.2.GA/android/modules/titanium-platform.res.zip
[DEBUG]  Merging /tmp/116713-3094-1n5akq4/res/values/strings.xml => /home/anonymous/Escritorio/Appcelerator_Work/cursoMoviles/build/android/res/values/strings.xml
[INFO]   Extracting module resources: /home/anonymous/.titanium/mobilesdk/linux/5.2.2.GA/android/modules/titanium-database.res.zip
[DEBUG]  Merging /tmp/116713-3094-qk83q9/res/values/strings.xml => /home/anonymous/Escritorio/Appcelerator_Work/cursoMoviles/build/android/res/values/strings.xml
[DEBUG]  Removing old file: /home/anonymous/Escritorio/Appcelerator_Work/cursoMoviles/build/android/.classpath
[DEBUG]  Removing old file: /home/anonymous/Escritorio/Appcelerator_Work/cursoMoviles/build/android/.gitignore
[DEBUG]  Removing old file: /home/anonymous/Escritorio/Appcelerator_Work/cursoMoviles/build/android/.project
[DEBUG]  Removing old file: /home/anonymous/Escritorio/Appcelerator_Work/cursoMoviles/build/android/AndroidManifest.xml
[DEBUG]  Removing old file: /home/anonymous/Escritorio/Appcelerator_Work/cursoMoviles/build/android/default.properties
[DEBUG]  Removing old file: /home/anonymous/Escritorio/Appcelerator_Work/cursoMoviles/build/android/java-sources.txt
[DEBUG]  Copying template /home/anonymous/.titanium/mobilesdk/linux/5.2.2.GA/android/templates/build/AppInfo.java => /home/anonymous/Escritorio/Appcelerator_Work/cursoMoviles/build/android/gen/com/cursoMoviles/CursomovilesAppInfo.java
[DEBUG]  Copying template /home/anonymous/.titanium/mobilesdk/linux/5.2.2.GA/android/templates/build/App.java => /home/anonymous/Escritorio/Appcelerator_Work/cursoMoviles/build/android/gen/com/cursoMoviles/CursomovilesApplication.java
[DEBUG]  Copying template /home/anonymous/.titanium/mobilesdk/linux/5.2.2.GA/android/templates/build/Activity.java => /home/anonymous/Escritorio/Appcelerator_Work/cursoMoviles/build/android/gen/com/cursoMoviles/CursomovilesActivity.java
[DEBUG]  Copying template /home/anonymous/.titanium/mobilesdk/linux/5.2.2.GA/android/templates/build/project => /home/anonymous/Escritorio/Appcelerator_Work/cursoMoviles/build/android/.project
[DEBUG]  Copying template /home/anonymous/.titanium/mobilesdk/linux/5.2.2.GA/android/templates/build/default.properties => /home/anonymous/Escritorio/Appcelerator_Work/cursoMoviles/build/android/default.properties
[DEBUG]  Copying /home/anonymous/.titanium/mobilesdk/linux/5.2.2.GA/android/templates/build/gitignore => /home/anonymous/Escritorio/Appcelerator_Work/cursoMoviles/build/android/.gitignore
[DEBUG]  Copying /home/anonymous/.titanium/mobilesdk/linux/5.2.2.GA/android/templates/build/classpath => /home/anonymous/Escritorio/Appcelerator_Work/cursoMoviles/build/android/.classpath
[INFO]   No aidl files to compile, continuing
[INFO]   Generating i18n files
[DEBUG]  Merging en strings => /home/anonymous/Escritorio/Appcelerator_Work/cursoMoviles/build/android/res/values/strings.xml
[INFO]   Generating /home/anonymous/Escritorio/Appcelerator_Work/cursoMoviles/build/android/res/values/theme.xml
[INFO]   Packaging application: /home/anonymous/Escritorio/Appcelerator_Studio/build-tools/23.0.1/aapt "package" "-f" "-m" "-J" "/home/anonymous/Escritorio/Appcelerator_Work/cursoMoviles/build/android/gen" "-M" "/home/anonymous/Escritorio/Appcelerator_Work/cursoMoviles/build/android/AndroidManifest.xml" "-A" "/home/anonymous/Escritorio/Appcelerator_Work/cursoMoviles/build/android/bin/assets" "-S" "/home/anonymous/Escritorio/Appcelerator_Work/cursoMoviles/build/android/res" "-I" "/home/anonymous/Escritorio/Appcelerator_Studio/platforms/android-23/android.jar" "-F" "/home/anonymous/Escritorio/Appcelerator_Work/cursoMoviles/build/android/bin/app.ap_" "--auto-add-overlay" "--extra-packages" "ti.modules.titanium.ui:android.support.v7.appcompat:android.support.v7.cardview" "-S" "/tmp/116713-3094-z8jwlr/res" "-S" "/tmp/116713-3094-s9xgql/res" "-S" "/tmp/116713-3094-pp7xxe/res"
[INFO]   Building Java source files: /usr/lib/jvm/java-7-oracle/bin/javac "-J-Xmx1024M" "-encoding" "utf8" "-bootclasspath" "/home/anonymous/Escritorio/Appcelerator_Studio/platforms/android-23/android.jar:/home/anonymous/.titanium/mobilesdk/linux/5.2.2.GA/android/kroll-v8.jar:/home/anonymous/.titanium/mobilesdk/linux/5.2.2.GA/android/modules/titanium-analytics.jar:/home/anonymous/.titanium/mobilesdk/linux/5.2.2.GA/android/aps-analytics.jar:/home/anonymous/.titanium/mobilesdk/linux/5.2.2.GA/android/modules/titanium-android.jar:/home/anonymous/.titanium/mobilesdk/linux/5.2.2.GA/android/jaxen-1.1.1.jar:/home/anonymous/.titanium/mobilesdk/linux/5.2.2.GA/android/ti-commons-codec-1.3.jar:/home/anonymous/.titanium/mobilesdk/linux/5.2.2.GA/android/kroll-common.jar:/home/anonymous/.titanium/mobilesdk/linux/5.2.2.GA/android/titanium.jar:/home/anonymous/.titanium/mobilesdk/linux/5.2.2.GA/android/modules/titanium-app.jar:/home/anonymous/.titanium/mobilesdk/linux/5.2.2.GA/android/modules/titanium-ui.jar:/home/anonymous/.titanium/mobilesdk/linux/5.2.2.GA/android/nineoldandroids-appc-2.4.0.jar:/home/anonymous/.titanium/mobilesdk/linux/5.2.2.GA/android/modules/titanium-filesystem.jar:/home/anonymous/.titanium/mobilesdk/linux/5.2.2.GA/android/modules/titanium-media.jar:/home/anonymous/.titanium/mobilesdk/linux/5.2.2.GA/android/modules/titanium-appcompat.jar:/home/anonymous/.titanium/mobilesdk/linux/5.2.2.GA/android/android-support-v4.jar:/home/anonymous/.titanium/mobilesdk/linux/5.2.2.GA/android/android-support-v7-appcompat.jar:/home/anonymous/.titanium/mobilesdk/linux/5.2.2.GA/android/modules/titanium-cardview.jar:/home/anonymous/.titanium/mobilesdk/linux/5.2.2.GA/android/cardview-v7-23.0.1.jar:/home/anonymous/.titanium/mobilesdk/linux/5.2.2.GA/android/modules/titanium-locale.jar:/home/anonymous/.titanium/mobilesdk/linux/5.2.2.GA/android/modules/titanium-network.jar:/home/anonymous/.titanium/mobilesdk/linux/5.2.2.GA/android/modules/titanium-xml.jar:/home/anonymous/.titanium/mobilesdk/linux/5.2.2.GA/android/modules/titanium-utils.jar:/home/anonymous/.titanium/mobilesdk/linux/5.2.2.GA/android/modules/titanium-geolocation.jar:/home/anonymous/.titanium/mobilesdk/linux/5.2.2.GA/android/modules/titanium-accelerometer.jar:/home/anonymous/.titanium/mobilesdk/linux/5.2.2.GA/android/modules/titanium-contacts.jar:/home/anonymous/.titanium/mobilesdk/linux/5.2.2.GA/android/modules/titanium-map.jar:/home/anonymous/.titanium/mobilesdk/linux/5.2.2.GA/android/modules/titanium-gesture.jar:/home/anonymous/.titanium/mobilesdk/linux/5.2.2.GA/android/modules/titanium-calendar.jar:/home/anonymous/.titanium/mobilesdk/linux/5.2.2.GA/android/modules/titanium-platform.jar:/home/anonymous/.titanium/mobilesdk/linux/5.2.2.GA/android/modules/titanium-database.jar:/home/anonymous/.titanium/mobilesdk/linux/5.2.2.GA/android/lib/titanium-verify.jar:R.class:AssetCryptImpl.class:CursomovilesActivity.class:CursomovilesAppInfo.class:CursomovilesApplication.class" "-d" "/home/anonymous/Escritorio/Appcelerator_Work/cursoMoviles/build/android/bin/classes" "-proc:none" "-target" "1.6" "-source" "1.6" "@/home/anonymous/Escritorio/Appcelerator_Work/cursoMoviles/build/android/java-sources.txt"
[INFO]   Running dexer: /usr/lib/jvm/java-7-oracle/bin/java "-Xmx1024M" "-XX:-UseGCOverheadLimit" "-Djava.ext.dirs=/home/anonymous/Escritorio/Appcelerator_Studio/platform-tools" "-jar" "/home/anonymous/Escritorio/Appcelerator_Studio/build-tools/23.0.1/lib/dx.jar" "--dex" "--output=/home/anonymous/Escritorio/Appcelerator_Work/cursoMoviles/build/android/bin/classes.dex" "/home/anonymous/Escritorio/Appcelerator_Work/cursoMoviles/build/android/bin/classes" "/home/anonymous/.titanium/mobilesdk/linux/5.2.2.GA/android/lib/titanium-verify.jar" "/home/anonymous/.titanium/mobilesdk/linux/5.2.2.GA/android/kroll-v8.jar" "/home/anonymous/.titanium/mobilesdk/linux/5.2.2.GA/android/modules/titanium-analytics.jar" "/home/anonymous/.titanium/mobilesdk/linux/5.2.2.GA/android/aps-analytics.jar" "/home/anonymous/.titanium/mobilesdk/linux/5.2.2.GA/android/modules/titanium-android.jar" "/home/anonymous/.titanium/mobilesdk/linux/5.2.2.GA/android/jaxen-1.1.1.jar" "/home/anonymous/.titanium/mobilesdk/linux/5.2.2.GA/android/ti-commons-codec-1.3.jar" "/home/anonymous/.titanium/mobilesdk/linux/5.2.2.GA/android/kroll-common.jar" "/home/anonymous/.titanium/mobilesdk/linux/5.2.2.GA/android/titanium.jar" "/home/anonymous/.titanium/mobilesdk/linux/5.2.2.GA/android/modules/titanium-app.jar" "/home/anonymous/.titanium/mobilesdk/linux/5.2.2.GA/android/modules/titanium-ui.jar" "/home/anonymous/.titanium/mobilesdk/linux/5.2.2.GA/android/nineoldandroids-appc-2.4.0.jar" "/home/anonymous/.titanium/mobilesdk/linux/5.2.2.GA/android/modules/titanium-filesystem.jar" "/home/anonymous/.titanium/mobilesdk/linux/5.2.2.GA/android/modules/titanium-media.jar" "/home/anonymous/.titanium/mobilesdk/linux/5.2.2.GA/android/modules/titanium-appcompat.jar" "/home/anonymous/.titanium/mobilesdk/linux/5.2.2.GA/android/android-support-v4.jar" "/home/anonymous/.titanium/mobilesdk/linux/5.2.2.GA/android/android-support-v7-appcompat.jar" "/home/anonymous/.titanium/mobilesdk/linux/5.2.2.GA/android/modules/titanium-cardview.jar" "/home/anonymous/.titanium/mobilesdk/linux/5.2.2.GA/android/cardview-v7-23.0.1.jar" "/home/anonymous/.titanium/mobilesdk/linux/5.2.2.GA/android/modules/titanium-locale.jar" "/home/anonymous/.titanium/mobilesdk/linux/5.2.2.GA/android/modules/titanium-network.jar" "/home/anonymous/.titanium/mobilesdk/linux/5.2.2.GA/android/modules/titanium-xml.jar" "/home/anonymous/.titanium/mobilesdk/linux/5.2.2.GA/android/modules/titanium-utils.jar" "/home/anonymous/.titanium/mobilesdk/linux/5.2.2.GA/android/modules/titanium-geolocation.jar" "/home/anonymous/.titanium/mobilesdk/linux/5.2.2.GA/android/modules/titanium-accelerometer.jar" "/home/anonymous/.titanium/mobilesdk/linux/5.2.2.GA/android/modules/titanium-contacts.jar" "/home/anonymous/.titanium/mobilesdk/linux/5.2.2.GA/android/modules/titanium-map.jar" "/home/anonymous/.titanium/mobilesdk/linux/5.2.2.GA/android/modules/titanium-gesture.jar" "/home/anonymous/.titanium/mobilesdk/linux/5.2.2.GA/android/modules/titanium-calendar.jar" "/home/anonymous/.titanium/mobilesdk/linux/5.2.2.GA/android/modules/titanium-platform.jar" "/home/anonymous/.titanium/mobilesdk/linux/5.2.2.GA/android/modules/titanium-database.jar"
[INFO]   Creating unsigned apk
[DEBUG]  Processing /home/anonymous/Escritorio/Appcelerator_Work/cursoMoviles/build/android/bin/app.ap_
[DEBUG]  Deflating AndroidManifest.xml
[DEBUG]  Adding assets/Resources/appicon.png
[DEBUG]  Adding assets/Resources/images/reply.png
[DEBUG]  Adding assets/Resources/images/ret.png
[DEBUG]  Adding assets/Resources/images/star.png
[DEBUG]  Deflating assets/app.json
[DEBUG]  Deflating assets/index.json
[DEBUG]  Deflating res/anim/abc_fade_in.xml
[DEBUG]  Deflating res/anim/abc_fade_out.xml
[DEBUG]  Deflating res/anim/abc_grow_fade_in_from_bottom.xml
[DEBUG]  Deflating res/anim/abc_popup_enter.xml
[DEBUG]  Deflating res/anim/abc_popup_exit.xml
[DEBUG]  Deflating res/anim/abc_shrink_fade_out_from_bottom.xml
[DEBUG]  Deflating res/anim/abc_slide_in_bottom.xml
[DEBUG]  Deflating res/anim/abc_slide_in_top.xml
[DEBUG]  Deflating res/anim/abc_slide_out_bottom.xml
[DEBUG]  Deflating res/anim/abc_slide_out_top.xml
[DEBUG]  Deflating res/color-v11/abc_background_cache_hint_selector_material_dark.xml
[DEBUG]  Deflating res/color-v11/abc_background_cache_hint_selector_material_light.xml
[DEBUG]  Deflating res/color-v23/abc_color_highlight_material.xml
[DEBUG]  Deflating res/color/abc_background_cache_hint_selector_material_dark.xml
[DEBUG]  Deflating res/color/abc_background_cache_hint_selector_material_light.xml
[DEBUG]  Deflating res/color/abc_primary_text_disable_only_material_dark.xml
[DEBUG]  Deflating res/color/abc_primary_text_disable_only_material_light.xml
[DEBUG]  Deflating res/color/abc_primary_text_material_dark.xml
[DEBUG]  Deflating res/color/abc_primary_text_material_light.xml
[DEBUG]  Deflating res/color/abc_search_url_text.xml
[DEBUG]  Deflating res/color/abc_secondary_text_material_dark.xml
[DEBUG]  Deflating res/color/abc_secondary_text_material_light.xml
[DEBUG]  Deflating res/color/switch_thumb_material_dark.xml
[DEBUG]  Deflating res/color/switch_thumb_material_light.xml
[DEBUG]  Adding res/drawable-hdpi-v4/abc_ab_share_pack_mtrl_alpha.9.png
[DEBUG]  Adding res/drawable-hdpi-v4/abc_btn_check_to_on_mtrl_000.png
[DEBUG]  Adding res/drawable-hdpi-v4/abc_btn_check_to_on_mtrl_015.png
[DEBUG]  Adding res/drawable-hdpi-v4/abc_btn_radio_to_on_mtrl_000.png
[DEBUG]  Adding res/drawable-hdpi-v4/abc_btn_radio_to_on_mtrl_015.png
[DEBUG]  Adding res/drawable-hdpi-v4/abc_btn_rating_star_off_mtrl_alpha.png
[DEBUG]  Adding res/drawable-hdpi-v4/abc_btn_rating_star_on_mtrl_alpha.png
[DEBUG]  Adding res/drawable-hdpi-v4/abc_btn_switch_to_on_mtrl_00001.9.png
[DEBUG]  Adding res/drawable-hdpi-v4/abc_btn_switch_to_on_mtrl_00012.9.png
[DEBUG]  Adding res/drawable-hdpi-v4/abc_cab_background_top_mtrl_alpha.9.png
[DEBUG]  Adding res/drawable-hdpi-v4/abc_ic_ab_back_mtrl_am_alpha.png
[DEBUG]  Adding res/drawable-hdpi-v4/abc_ic_clear_mtrl_alpha.png
[DEBUG]  Adding res/drawable-hdpi-v4/abc_ic_commit_search_api_mtrl_alpha.png
[DEBUG]  Adding res/drawable-hdpi-v4/abc_ic_go_search_api_mtrl_alpha.png
[DEBUG]  Adding res/drawable-hdpi-v4/abc_ic_menu_copy_mtrl_am_alpha.png
[DEBUG]  Adding res/drawable-hdpi-v4/abc_ic_menu_cut_mtrl_alpha.png
[DEBUG]  Adding res/drawable-hdpi-v4/abc_ic_menu_moreoverflow_mtrl_alpha.png
[DEBUG]  Adding res/drawable-hdpi-v4/abc_ic_menu_paste_mtrl_am_alpha.png
[DEBUG]  Adding res/drawable-hdpi-v4/abc_ic_menu_selectall_mtrl_alpha.png
[DEBUG]  Adding res/drawable-hdpi-v4/abc_ic_menu_share_mtrl_alpha.png
[DEBUG]  Adding res/drawable-hdpi-v4/abc_ic_search_api_mtrl_alpha.png
[DEBUG]  Adding res/drawable-hdpi-v4/abc_ic_voice_search_api_mtrl_alpha.png
[DEBUG]  Adding res/drawable-hdpi-v4/abc_list_divider_mtrl_alpha.9.png
[DEBUG]  Adding res/drawable-hdpi-v4/abc_list_focused_holo.9.png
[DEBUG]  Adding res/drawable-hdpi-v4/abc_list_longpressed_holo.9.png
[DEBUG]  Adding res/drawable-hdpi-v4/abc_list_pressed_holo_dark.9.png
[DEBUG]  Adding res/drawable-hdpi-v4/abc_list_pressed_holo_light.9.png
[DEBUG]  Adding res/drawable-hdpi-v4/abc_list_selector_disabled_holo_dark.9.png
[DEBUG]  Adding res/drawable-hdpi-v4/abc_list_selector_disabled_holo_light.9.png
[DEBUG]  Adding res/drawable-hdpi-v4/abc_menu_hardkey_panel_mtrl_mult.9.png
[DEBUG]  Adding res/drawable-hdpi-v4/abc_popup_background_mtrl_mult.9.png
[DEBUG]  Adding res/drawable-hdpi-v4/abc_spinner_mtrl_am_alpha.9.png
[DEBUG]  Adding res/drawable-hdpi-v4/abc_switch_track_mtrl_alpha.9.png
[DEBUG]  Adding res/drawable-hdpi-v4/abc_tab_indicator_mtrl_alpha.9.png
[DEBUG]  Adding res/drawable-hdpi-v4/abc_textfield_activated_mtrl_alpha.9.png
[DEBUG]  Adding res/drawable-hdpi-v4/abc_textfield_default_mtrl_alpha.9.png
[DEBUG]  Adding res/drawable-hdpi-v4/abc_textfield_search_activated_mtrl_alpha.9.png
[DEBUG]  Adding res/drawable-hdpi-v4/abc_textfield_search_default_mtrl_alpha.9.png
[DEBUG]  Adding res/drawable-ldrtl-hdpi-v4/abc_ic_ab_back_mtrl_am_alpha.png
[DEBUG]  Adding res/drawable-ldrtl-hdpi-v4/abc_ic_menu_copy_mtrl_am_alpha.png
[DEBUG]  Adding res/drawable-ldrtl-hdpi-v4/abc_ic_menu_cut_mtrl_alpha.png
[DEBUG]  Adding res/drawable-ldrtl-hdpi-v4/abc_spinner_mtrl_am_alpha.9.png
[DEBUG]  Adding res/drawable-ldrtl-mdpi-v4/abc_ic_ab_back_mtrl_am_alpha.png
[DEBUG]  Adding res/drawable-ldrtl-mdpi-v4/abc_ic_menu_copy_mtrl_am_alpha.png
[DEBUG]  Adding res/drawable-ldrtl-mdpi-v4/abc_ic_menu_cut_mtrl_alpha.png
[DEBUG]  Adding res/drawable-ldrtl-mdpi-v4/abc_spinner_mtrl_am_alpha.9.png
[DEBUG]  Adding res/drawable-ldrtl-xhdpi-v4/abc_ic_ab_back_mtrl_am_alpha.png
[DEBUG]  Adding res/drawable-ldrtl-xhdpi-v4/abc_ic_menu_copy_mtrl_am_alpha.png
[DEBUG]  Adding res/drawable-ldrtl-xhdpi-v4/abc_ic_menu_cut_mtrl_alpha.png
[DEBUG]  Adding res/drawable-ldrtl-xhdpi-v4/abc_spinner_mtrl_am_alpha.9.png
[DEBUG]  Adding res/drawable-ldrtl-xxhdpi-v4/abc_ic_ab_back_mtrl_am_alpha.png
[DEBUG]  Adding res/drawable-ldrtl-xxhdpi-v4/abc_ic_menu_copy_mtrl_am_alpha.png
[DEBUG]  Adding res/drawable-ldrtl-xxhdpi-v4/abc_ic_menu_cut_mtrl_alpha.png
[DEBUG]  Adding res/drawable-ldrtl-xxhdpi-v4/abc_spinner_mtrl_am_alpha.9.png
[DEBUG]  Adding res/drawable-ldrtl-xxxhdpi-v4/abc_ic_ab_back_mtrl_am_alpha.png
[DEBUG]  Adding res/drawable-ldrtl-xxxhdpi-v4/abc_ic_menu_copy_mtrl_am_alpha.png
[DEBUG]  Adding res/drawable-ldrtl-xxxhdpi-v4/abc_ic_menu_cut_mtrl_alpha.png
[DEBUG]  Adding res/drawable-ldrtl-xxxhdpi-v4/abc_spinner_mtrl_am_alpha.9.png
[DEBUG]  Adding res/drawable-long-land-hdpi-v4/background.png
[DEBUG]  Adding res/drawable-long-land-ldpi-v4/background.png
[DEBUG]  Adding res/drawable-long-port-hdpi-v4/background.png
[DEBUG]  Adding res/drawable-long-port-ldpi-v4/background.png
[DEBUG]  Adding res/drawable-mdpi-v4/abc_ab_share_pack_mtrl_alpha.9.png
[DEBUG]  Adding res/drawable-mdpi-v4/abc_btn_check_to_on_mtrl_000.png
[DEBUG]  Adding res/drawable-mdpi-v4/abc_btn_check_to_on_mtrl_015.png
[DEBUG]  Adding res/drawable-mdpi-v4/abc_btn_radio_to_on_mtrl_000.png
[DEBUG]  Adding res/drawable-mdpi-v4/abc_btn_radio_to_on_mtrl_015.png
[DEBUG]  Adding res/drawable-mdpi-v4/abc_btn_rating_star_off_mtrl_alpha.png
[DEBUG]  Adding res/drawable-mdpi-v4/abc_btn_rating_star_on_mtrl_alpha.png
[DEBUG]  Adding res/drawable-mdpi-v4/abc_btn_switch_to_on_mtrl_00001.9.png
[DEBUG]  Adding res/drawable-mdpi-v4/abc_btn_switch_to_on_mtrl_00012.9.png
[DEBUG]  Adding res/drawable-mdpi-v4/abc_cab_background_top_mtrl_alpha.9.png
[DEBUG]  Adding res/drawable-mdpi-v4/abc_ic_ab_back_mtrl_am_alpha.png
[DEBUG]  Adding res/drawable-mdpi-v4/abc_ic_clear_mtrl_alpha.png
[DEBUG]  Adding res/drawable-mdpi-v4/abc_ic_commit_search_api_mtrl_alpha.png
[DEBUG]  Adding res/drawable-mdpi-v4/abc_ic_go_search_api_mtrl_alpha.png
[DEBUG]  Adding res/drawable-mdpi-v4/abc_ic_menu_copy_mtrl_am_alpha.png
[DEBUG]  Adding res/drawable-mdpi-v4/abc_ic_menu_cut_mtrl_alpha.png
[DEBUG]  Adding res/drawable-mdpi-v4/abc_ic_menu_moreoverflow_mtrl_alpha.png
[DEBUG]  Adding res/drawable-mdpi-v4/abc_ic_menu_paste_mtrl_am_alpha.png
[DEBUG]  Adding res/drawable-mdpi-v4/abc_ic_menu_selectall_mtrl_alpha.png
[DEBUG]  Adding res/drawable-mdpi-v4/abc_ic_menu_share_mtrl_alpha.png
[DEBUG]  Adding res/drawable-mdpi-v4/abc_ic_search_api_mtrl_alpha.png
[DEBUG]  Adding res/drawable-mdpi-v4/abc_ic_voice_search_api_mtrl_alpha.png
[DEBUG]  Adding res/drawable-mdpi-v4/abc_list_divider_mtrl_alpha.9.png
[DEBUG]  Adding res/drawable-mdpi-v4/abc_list_focused_holo.9.png
[DEBUG]  Adding res/drawable-mdpi-v4/abc_list_longpressed_holo.9.png
[DEBUG]  Adding res/drawable-mdpi-v4/abc_list_pressed_holo_dark.9.png
[DEBUG]  Adding res/drawable-mdpi-v4/abc_list_pressed_holo_light.9.png
[DEBUG]  Adding res/drawable-mdpi-v4/abc_list_selector_disabled_holo_dark.9.png
[DEBUG]  Adding res/drawable-mdpi-v4/abc_list_selector_disabled_holo_light.9.png
[DEBUG]  Adding res/drawable-mdpi-v4/abc_menu_hardkey_panel_mtrl_mult.9.png
[DEBUG]  Adding res/drawable-mdpi-v4/abc_popup_background_mtrl_mult.9.png
[DEBUG]  Adding res/drawable-mdpi-v4/abc_spinner_mtrl_am_alpha.9.png
[DEBUG]  Adding res/drawable-mdpi-v4/abc_switch_track_mtrl_alpha.9.png
[DEBUG]  Adding res/drawable-mdpi-v4/abc_tab_indicator_mtrl_alpha.9.png
[DEBUG]  Adding res/drawable-mdpi-v4/abc_textfield_activated_mtrl_alpha.9.png
[DEBUG]  Adding res/drawable-mdpi-v4/abc_textfield_default_mtrl_alpha.9.png
[DEBUG]  Adding res/drawable-mdpi-v4/abc_textfield_search_activated_mtrl_alpha.9.png
[DEBUG]  Adding res/drawable-mdpi-v4/abc_textfield_search_default_mtrl_alpha.9.png
[DEBUG]  Adding res/drawable-notlong-land-hdpi-v4/background.png
[DEBUG]  Adding res/drawable-notlong-land-ldpi-v4/background.png
[DEBUG]  Adding res/drawable-notlong-land-mdpi-v4/background.png
[DEBUG]  Adding res/drawable-notlong-port-hdpi-v4/background.png
[DEBUG]  Adding res/drawable-notlong-port-ldpi-v4/background.png
[DEBUG]  Adding res/drawable-notlong-port-mdpi-v4/background.png
[DEBUG]  Deflating res/drawable-v21/abc_action_bar_item_background_material.xml
[DEBUG]  Deflating res/drawable-v21/abc_btn_colored_material.xml
[DEBUG]  Deflating res/drawable-v23/abc_control_background_material.xml
[DEBUG]  Adding res/drawable-xhdpi-v4/abc_ab_share_pack_mtrl_alpha.9.png
[DEBUG]  Adding res/drawable-xhdpi-v4/abc_btn_check_to_on_mtrl_000.png
[DEBUG]  Adding res/drawable-xhdpi-v4/abc_btn_check_to_on_mtrl_015.png
[DEBUG]  Adding res/drawable-xhdpi-v4/abc_btn_radio_to_on_mtrl_000.png
[DEBUG]  Adding res/drawable-xhdpi-v4/abc_btn_radio_to_on_mtrl_015.png
[DEBUG]  Adding res/drawable-xhdpi-v4/abc_btn_rating_star_off_mtrl_alpha.png
[DEBUG]  Adding res/drawable-xhdpi-v4/abc_btn_rating_star_on_mtrl_alpha.png
[DEBUG]  Adding res/drawable-xhdpi-v4/abc_btn_switch_to_on_mtrl_00001.9.png
[DEBUG]  Adding res/drawable-xhdpi-v4/abc_btn_switch_to_on_mtrl_00012.9.png
[DEBUG]  Adding res/drawable-xhdpi-v4/abc_cab_background_top_mtrl_alpha.9.png
[DEBUG]  Adding res/drawable-xhdpi-v4/abc_ic_ab_back_mtrl_am_alpha.png
[DEBUG]  Adding res/drawable-xhdpi-v4/abc_ic_clear_mtrl_alpha.png
[DEBUG]  Adding res/drawable-xhdpi-v4/abc_ic_commit_search_api_mtrl_alpha.png
[DEBUG]  Adding res/drawable-xhdpi-v4/abc_ic_go_search_api_mtrl_alpha.png
[DEBUG]  Adding res/drawable-xhdpi-v4/abc_ic_menu_copy_mtrl_am_alpha.png
[DEBUG]  Adding res/drawable-xhdpi-v4/abc_ic_menu_cut_mtrl_alpha.png
[DEBUG]  Adding res/drawable-xhdpi-v4/abc_ic_menu_moreoverflow_mtrl_alpha.png
[DEBUG]  Adding res/drawable-xhdpi-v4/abc_ic_menu_paste_mtrl_am_alpha.png
[DEBUG]  Adding res/drawable-xhdpi-v4/abc_ic_menu_selectall_mtrl_alpha.png
[DEBUG]  Adding res/drawable-xhdpi-v4/abc_ic_menu_share_mtrl_alpha.png
[DEBUG]  Adding res/drawable-xhdpi-v4/abc_ic_search_api_mtrl_alpha.png
[DEBUG]  Adding res/drawable-xhdpi-v4/abc_ic_voice_search_api_mtrl_alpha.png
[DEBUG]  Adding res/drawable-xhdpi-v4/abc_list_divider_mtrl_alpha.9.png
[DEBUG]  Adding res/drawable-xhdpi-v4/abc_list_focused_holo.9.png
[DEBUG]  Adding res/drawable-xhdpi-v4/abc_list_longpressed_holo.9.png
[DEBUG]  Adding res/drawable-xhdpi-v4/abc_list_pressed_holo_dark.9.png
[DEBUG]  Adding res/drawable-xhdpi-v4/abc_list_pressed_holo_light.9.png
[DEBUG]  Adding res/drawable-xhdpi-v4/abc_list_selector_disabled_holo_dark.9.png
[DEBUG]  Adding res/drawable-xhdpi-v4/abc_list_selector_disabled_holo_light.9.png
[DEBUG]  Adding res/drawable-xhdpi-v4/abc_menu_hardkey_panel_mtrl_mult.9.png
[DEBUG]  Adding res/drawable-xhdpi-v4/abc_popup_background_mtrl_mult.9.png
[DEBUG]  Adding res/drawable-xhdpi-v4/abc_spinner_mtrl_am_alpha.9.png
[DEBUG]  Adding res/drawable-xhdpi-v4/abc_switch_track_mtrl_alpha.9.png
[DEBUG]  Adding res/drawable-xhdpi-v4/abc_tab_indicator_mtrl_alpha.9.png
[DEBUG]  Adding res/drawable-xhdpi-v4/abc_textfield_activated_mtrl_alpha.9.png
[DEBUG]  Adding res/drawable-xhdpi-v4/abc_textfield_default_mtrl_alpha.9.png
[DEBUG]  Adding res/drawable-xhdpi-v4/abc_textfield_search_activated_mtrl_alpha.9.png
[DEBUG]  Adding res/drawable-xhdpi-v4/abc_textfield_search_default_mtrl_alpha.9.png
[DEBUG]  Adding res/drawable-xxhdpi-v4/abc_ab_share_pack_mtrl_alpha.9.png
[DEBUG]  Adding res/drawable-xxhdpi-v4/abc_btn_check_to_on_mtrl_000.png
[DEBUG]  Adding res/drawable-xxhdpi-v4/abc_btn_check_to_on_mtrl_015.png
[DEBUG]  Adding res/drawable-xxhdpi-v4/abc_btn_radio_to_on_mtrl_000.png
[DEBUG]  Adding res/drawable-xxhdpi-v4/abc_btn_radio_to_on_mtrl_015.png
[DEBUG]  Adding res/drawable-xxhdpi-v4/abc_btn_rating_star_off_mtrl_alpha.png
[DEBUG]  Adding res/drawable-xxhdpi-v4/abc_btn_rating_star_on_mtrl_alpha.png
[DEBUG]  Adding res/drawable-xxhdpi-v4/abc_btn_switch_to_on_mtrl_00001.9.png
[DEBUG]  Adding res/drawable-xxhdpi-v4/abc_btn_switch_to_on_mtrl_00012.9.png
[DEBUG]  Adding res/drawable-xxhdpi-v4/abc_cab_background_top_mtrl_alpha.9.png
[DEBUG]  Adding res/drawable-xxhdpi-v4/abc_ic_ab_back_mtrl_am_alpha.png
[DEBUG]  Adding res/drawable-xxhdpi-v4/abc_ic_clear_mtrl_alpha.png
[DEBUG]  Adding res/drawable-xxhdpi-v4/abc_ic_commit_search_api_mtrl_alpha.png
[DEBUG]  Adding res/drawable-xxhdpi-v4/abc_ic_go_search_api_mtrl_alpha.png
[DEBUG]  Adding res/drawable-xxhdpi-v4/abc_ic_menu_copy_mtrl_am_alpha.png
[DEBUG]  Adding res/drawable-xxhdpi-v4/abc_ic_menu_cut_mtrl_alpha.png
[DEBUG]  Adding res/drawable-xxhdpi-v4/abc_ic_menu_moreoverflow_mtrl_alpha.png
[DEBUG]  Adding res/drawable-xxhdpi-v4/abc_ic_menu_paste_mtrl_am_alpha.png
[DEBUG]  Adding res/drawable-xxhdpi-v4/abc_ic_menu_selectall_mtrl_alpha.png
[DEBUG]  Adding res/drawable-xxhdpi-v4/abc_ic_menu_share_mtrl_alpha.png
[DEBUG]  Adding res/drawable-xxhdpi-v4/abc_ic_search_api_mtrl_alpha.png
[DEBUG]  Adding res/drawable-xxhdpi-v4/abc_ic_voice_search_api_mtrl_alpha.png
[DEBUG]  Adding res/drawable-xxhdpi-v4/abc_list_divider_mtrl_alpha.9.png
[DEBUG]  Adding res/drawable-xxhdpi-v4/abc_list_focused_holo.9.png
[DEBUG]  Adding res/drawable-xxhdpi-v4/abc_list_longpressed_holo.9.png
[DEBUG]  Adding res/drawable-xxhdpi-v4/abc_list_pressed_holo_dark.9.png
[DEBUG]  Adding res/drawable-xxhdpi-v4/abc_list_pressed_holo_light.9.png
[DEBUG]  Adding res/drawable-xxhdpi-v4/abc_list_selector_disabled_holo_dark.9.png
[DEBUG]  Adding res/drawable-xxhdpi-v4/abc_list_selector_disabled_holo_light.9.png
[DEBUG]  Adding res/drawable-xxhdpi-v4/abc_menu_hardkey_panel_mtrl_mult.9.png
[DEBUG]  Adding res/drawable-xxhdpi-v4/abc_popup_background_mtrl_mult.9.png
[DEBUG]  Adding res/drawable-xxhdpi-v4/abc_spinner_mtrl_am_alpha.9.png
[DEBUG]  Adding res/drawable-xxhdpi-v4/abc_switch_track_mtrl_alpha.9.png
[DEBUG]  Adding res/drawable-xxhdpi-v4/abc_tab_indicator_mtrl_alpha.9.png
[DEBUG]  Adding res/drawable-xxhdpi-v4/abc_textfield_activated_mtrl_alpha.9.png
[DEBUG]  Adding res/drawable-xxhdpi-v4/abc_textfield_default_mtrl_alpha.9.png
[DEBUG]  Adding res/drawable-xxhdpi-v4/abc_textfield_search_activated_mtrl_alpha.9.png
[DEBUG]  Adding res/drawable-xxhdpi-v4/abc_textfield_search_default_mtrl_alpha.9.png
[DEBUG]  Adding res/drawable-xxxhdpi-v4/abc_btn_check_to_on_mtrl_000.png
[DEBUG]  Adding res/drawable-xxxhdpi-v4/abc_btn_check_to_on_mtrl_015.png
[DEBUG]  Adding res/drawable-xxxhdpi-v4/abc_btn_radio_to_on_mtrl_000.png
[DEBUG]  Adding res/drawable-xxxhdpi-v4/abc_btn_radio_to_on_mtrl_015.png
[DEBUG]  Adding res/drawable-xxxhdpi-v4/abc_btn_switch_to_on_mtrl_00001.9.png
[DEBUG]  Adding res/drawable-xxxhdpi-v4/abc_btn_switch_to_on_mtrl_00012.9.png
[DEBUG]  Adding res/drawable-xxxhdpi-v4/abc_ic_ab_back_mtrl_am_alpha.png
[DEBUG]  Adding res/drawable-xxxhdpi-v4/abc_ic_clear_mtrl_alpha.png
[DEBUG]  Adding res/drawable-xxxhdpi-v4/abc_ic_menu_copy_mtrl_am_alpha.png
[DEBUG]  Adding res/drawable-xxxhdpi-v4/abc_ic_menu_cut_mtrl_alpha.png
[DEBUG]  Adding res/drawable-xxxhdpi-v4/abc_ic_menu_moreoverflow_mtrl_alpha.png
[DEBUG]  Adding res/drawable-xxxhdpi-v4/abc_ic_menu_paste_mtrl_am_alpha.png
[DEBUG]  Adding res/drawable-xxxhdpi-v4/abc_ic_menu_selectall_mtrl_alpha.png
[DEBUG]  Adding res/drawable-xxxhdpi-v4/abc_ic_menu_share_mtrl_alpha.png
[DEBUG]  Adding res/drawable-xxxhdpi-v4/abc_ic_search_api_mtrl_alpha.png
[DEBUG]  Adding res/drawable-xxxhdpi-v4/abc_ic_voice_search_api_mtrl_alpha.png
[DEBUG]  Adding res/drawable-xxxhdpi-v4/abc_spinner_mtrl_am_alpha.9.png
[DEBUG]  Adding res/drawable-xxxhdpi-v4/abc_switch_track_mtrl_alpha.9.png
[DEBUG]  Adding res/drawable-xxxhdpi-v4/abc_tab_indicator_mtrl_alpha.9.png
[DEBUG]  Deflating res/drawable/abc_btn_borderless_material.xml
[DEBUG]  Deflating res/drawable/abc_btn_check_material.xml
[DEBUG]  Deflating res/drawable/abc_btn_colored_material.xml
[DEBUG]  Deflating res/drawable/abc_btn_default_mtrl_shape.xml
[DEBUG]  Deflating res/drawable/abc_btn_radio_material.xml
[DEBUG]  Deflating res/drawable/abc_cab_background_internal_bg.xml
[DEBUG]  Deflating res/drawable/abc_cab_background_top_material.xml
[DEBUG]  Deflating res/drawable/abc_dialog_material_background_dark.xml
[DEBUG]  Deflating res/drawable/abc_dialog_material_background_light.xml
[DEBUG]  Deflating res/drawable/abc_edit_text_material.xml
[DEBUG]  Deflating res/drawable/abc_item_background_holo_dark.xml
[DEBUG]  Deflating res/drawable/abc_item_background_holo_light.xml
[DEBUG]  Deflating res/drawable/abc_list_selector_background_transition_holo_dark.xml
[DEBUG]  Deflating res/drawable/abc_list_selector_background_transition_holo_light.xml
[DEBUG]  Deflating res/drawable/abc_list_selector_holo_dark.xml
[DEBUG]  Deflating res/drawable/abc_list_selector_holo_light.xml
[DEBUG]  Deflating res/drawable/abc_ratingbar_full_material.xml
[DEBUG]  Deflating res/drawable/abc_spinner_textfield_background_material.xml
[DEBUG]  Deflating res/drawable/abc_switch_thumb_material.xml
[DEBUG]  Deflating res/drawable/abc_tab_indicator_material.xml
[DEBUG]  Deflating res/drawable/abc_text_cursor_material.xml
[DEBUG]  Deflating res/drawable/abc_textfield_search_material.xml
[DEBUG]  Adding res/drawable/appicon.png
[DEBUG]  Adding res/drawable/background.png
[DEBUG]  Adding res/drawable/btn_check_buttonless_on_64.png
[DEBUG]  Adding res/drawable/btn_more_64.png
[DEBUG]  Adding res/drawable/disclosure_64.png
[DEBUG]  Deflating res/layout-v17/abc_alert_dialog_material.xml
[DEBUG]  Deflating res/layout-v17/abc_dialog_title_material.xml
[DEBUG]  Deflating res/layout-v17/abc_search_view.xml
[DEBUG]  Deflating res/layout-v17/notification_template_big_media.xml
[DEBUG]  Deflating res/layout-v17/notification_template_big_media_narrow.xml
[DEBUG]  Deflating res/layout-v17/notification_template_lines.xml
[DEBUG]  Deflating res/layout-v17/notification_template_media.xml
[DEBUG]  Deflating res/layout-v17/notification_template_part_chronometer.xml
[DEBUG]  Deflating res/layout-v17/notification_template_part_time.xml
[DEBUG]  Deflating res/layout-v21/abc_screen_toolbar.xml
[DEBUG]  Deflating res/layout-v21/titanium_ui_date_picker_spinner.xml
[DEBUG]  Deflating res/layout-v21/titanium_ui_time_picker_spinner.xml
[DEBUG]  Deflating res/layout/abc_action_bar_title_item.xml
[DEBUG]  Deflating res/layout/abc_action_bar_up_container.xml
[DEBUG]  Deflating res/layout/abc_action_bar_view_list_nav_layout.xml
[DEBUG]  Deflating res/layout/abc_action_menu_item_layout.xml
[DEBUG]  Deflating res/layout/abc_action_menu_layout.xml
[DEBUG]  Deflating res/layout/abc_action_mode_bar.xml
[DEBUG]  Deflating res/layout/abc_action_mode_close_item_material.xml
[DEBUG]  Deflating res/layout/abc_activity_chooser_view.xml
[DEBUG]  Deflating res/layout/abc_activity_chooser_view_list_item.xml
[DEBUG]  Deflating res/layout/abc_alert_dialog_material.xml
[DEBUG]  Deflating res/layout/abc_dialog_title_material.xml
[DEBUG]  Deflating res/layout/abc_expanded_menu_layout.xml
[DEBUG]  Deflating res/layout/abc_list_menu_item_checkbox.xml
[DEBUG]  Deflating res/layout/abc_list_menu_item_icon.xml
[DEBUG]  Deflating res/layout/abc_list_menu_item_layout.xml
[DEBUG]  Deflating res/layout/abc_list_menu_item_radio.xml
[DEBUG]  Deflating res/layout/abc_popup_menu_item_layout.xml
[DEBUG]  Deflating res/layout/abc_screen_content_include.xml
[DEBUG]  Deflating res/layout/abc_screen_simple.xml
[DEBUG]  Deflating res/layout/abc_screen_simple_overlay_action_mode.xml
[DEBUG]  Deflating res/layout/abc_screen_toolbar.xml
[DEBUG]  Deflating res/layout/abc_search_dropdown_item_icons_2line.xml
[DEBUG]  Deflating res/layout/abc_search_view.xml
[DEBUG]  Deflating res/layout/abc_select_dialog_material.xml
[DEBUG]  Deflating res/layout/notification_media_action.xml
[DEBUG]  Deflating res/layout/notification_media_cancel_action.xml
[DEBUG]  Deflating res/layout/notification_template_big_media.xml
[DEBUG]  Deflating res/layout/notification_template_big_media_narrow.xml
[DEBUG]  Deflating res/layout/notification_template_lines.xml
[DEBUG]  Deflating res/layout/notification_template_media.xml
[DEBUG]  Deflating res/layout/notification_template_part_chronometer.xml
[DEBUG]  Deflating res/layout/notification_template_part_time.xml
[DEBUG]  Deflating res/layout/select_dialog_item_material.xml
[DEBUG]  Deflating res/layout/select_dialog_multichoice_material.xml
[DEBUG]  Deflating res/layout/select_dialog_singlechoice_material.xml
[DEBUG]  Deflating res/layout/support_simple_spinner_dropdown_item.xml
[DEBUG]  Deflating res/layout/titanium_tabgroup.xml
[DEBUG]  Deflating res/layout/titanium_ui_checkbox.xml
[DEBUG]  Deflating res/layout/titanium_ui_date_picker_spinner.xml
[DEBUG]  Deflating res/layout/titanium_ui_edittext.xml
[DEBUG]  Deflating res/layout/titanium_ui_list_header_or_footer.xml
[DEBUG]  Deflating res/layout/titanium_ui_list_item.xml
[DEBUG]  Deflating res/layout/titanium_ui_spinner.xml
[DEBUG]  Deflating res/layout/titanium_ui_switchcompat.xml
[DEBUG]  Deflating res/layout/titanium_ui_time_picker_spinner.xml
[DEBUG]  Deflating resources.arsc
[DEBUG]  Processing /home/anonymous/.titanium/mobilesdk/linux/5.2.2.GA/android/kroll-v8.jar
[DEBUG]  Processing /home/anonymous/.titanium/mobilesdk/linux/5.2.2.GA/android/modules/titanium-analytics.jar
[DEBUG]  Processing /home/anonymous/.titanium/mobilesdk/linux/5.2.2.GA/android/aps-analytics.jar
[DEBUG]  Processing /home/anonymous/.titanium/mobilesdk/linux/5.2.2.GA/android/modules/titanium-android.jar
[DEBUG]  Processing /home/anonymous/.titanium/mobilesdk/linux/5.2.2.GA/android/jaxen-1.1.1.jar
[DEBUG]  Processing /home/anonymous/.titanium/mobilesdk/linux/5.2.2.GA/android/ti-commons-codec-1.3.jar
[DEBUG]  Processing /home/anonymous/.titanium/mobilesdk/linux/5.2.2.GA/android/kroll-common.jar
[DEBUG]  Processing /home/anonymous/.titanium/mobilesdk/linux/5.2.2.GA/android/titanium.jar
[DEBUG]  Deflating org/appcelerator/titanium/build.properties
[DEBUG]  Adding org/appcelerator/titanium/res/drawable/background.png
[DEBUG]  Adding org/appcelerator/titanium/res/drawable/btn_check_buttonless_on.png
[DEBUG]  Adding org/appcelerator/titanium/res/drawable/btn_check_buttonless_on_100.png
[DEBUG]  Adding org/appcelerator/titanium/res/drawable/btn_check_buttonless_on_18.png
[DEBUG]  Adding org/appcelerator/titanium/res/drawable/btn_check_buttonless_on_48.png
[DEBUG]  Adding org/appcelerator/titanium/res/drawable/btn_check_buttonless_on_64.png
[DEBUG]  Adding org/appcelerator/titanium/res/drawable/btn_more.png
[DEBUG]  Adding org/appcelerator/titanium/res/drawable/btn_more_100.png
[DEBUG]  Adding org/appcelerator/titanium/res/drawable/btn_more_18.png
[DEBUG]  Adding org/appcelerator/titanium/res/drawable/btn_more_48.png
[DEBUG]  Adding org/appcelerator/titanium/res/drawable/btn_more_64.png
[DEBUG]  Adding org/appcelerator/titanium/res/drawable/btn_picker_normal.9.png
[DEBUG]  Adding org/appcelerator/titanium/res/drawable/btn_picker_pressed.9.png
[DEBUG]  Adding org/appcelerator/titanium/res/drawable/btn_picker_selected.9.png
[DEBUG]  Adding org/appcelerator/titanium/res/drawable/default_icon.png
[DEBUG]  Adding org/appcelerator/titanium/res/drawable/photoDefault.png
[DEBUG]  Processing /home/anonymous/.titanium/mobilesdk/linux/5.2.2.GA/android/modules/titanium-app.jar
[DEBUG]  Processing /home/anonymous/.titanium/mobilesdk/linux/5.2.2.GA/android/modules/titanium-ui.jar
[DEBUG]  Deflating ti/modules/titanium/ui/widget/webview/binding.js
[DEBUG]  Deflating ti/modules/titanium/ui/widget/webview/binding.min.js
[DEBUG]  Deflating ti/modules/titanium/ui/widget/webview/json2.js
[DEBUG]  Deflating ti/modules/titanium/ui/widget/webview/polling.js
[DEBUG]  Deflating ti/modules/titanium/ui/widget/webview/polling.min.js
[DEBUG]  Processing /home/anonymous/.titanium/mobilesdk/linux/5.2.2.GA/android/nineoldandroids-appc-2.4.0.jar
[DEBUG]  Processing /home/anonymous/.titanium/mobilesdk/linux/5.2.2.GA/android/modules/titanium-filesystem.jar
[DEBUG]  Processing /home/anonymous/.titanium/mobilesdk/linux/5.2.2.GA/android/modules/titanium-media.jar
[DEBUG]  Processing /home/anonymous/.titanium/mobilesdk/linux/5.2.2.GA/android/modules/titanium-appcompat.jar
[DEBUG]  Processing /home/anonymous/.titanium/mobilesdk/linux/5.2.2.GA/android/android-support-v4.jar
[DEBUG]  Processing /home/anonymous/.titanium/mobilesdk/linux/5.2.2.GA/android/android-support-v7-appcompat.jar
[DEBUG]  Processing /home/anonymous/.titanium/mobilesdk/linux/5.2.2.GA/android/modules/titanium-cardview.jar
[DEBUG]  Processing /home/anonymous/.titanium/mobilesdk/linux/5.2.2.GA/android/cardview-v7-23.0.1.jar
[DEBUG]  Processing /home/anonymous/.titanium/mobilesdk/linux/5.2.2.GA/android/modules/titanium-locale.jar
[DEBUG]  Processing /home/anonymous/.titanium/mobilesdk/linux/5.2.2.GA/android/modules/titanium-network.jar
[DEBUG]  Processing /home/anonymous/.titanium/mobilesdk/linux/5.2.2.GA/android/modules/titanium-xml.jar
[DEBUG]  Processing /home/anonymous/.titanium/mobilesdk/linux/5.2.2.GA/android/modules/titanium-utils.jar
[DEBUG]  Processing /home/anonymous/.titanium/mobilesdk/linux/5.2.2.GA/android/modules/titanium-geolocation.jar
[DEBUG]  Processing /home/anonymous/.titanium/mobilesdk/linux/5.2.2.GA/android/modules/titanium-accelerometer.jar
[DEBUG]  Processing /home/anonymous/.titanium/mobilesdk/linux/5.2.2.GA/android/modules/titanium-contacts.jar
[DEBUG]  Processing /home/anonymous/.titanium/mobilesdk/linux/5.2.2.GA/android/modules/titanium-map.jar
[DEBUG]  Processing /home/anonymous/.titanium/mobilesdk/linux/5.2.2.GA/android/modules/titanium-gesture.jar
[DEBUG]  Processing /home/anonymous/.titanium/mobilesdk/linux/5.2.2.GA/android/modules/titanium-calendar.jar
[DEBUG]  Processing /home/anonymous/.titanium/mobilesdk/linux/5.2.2.GA/android/modules/titanium-platform.jar
[DEBUG]  Processing /home/anonymous/.titanium/mobilesdk/linux/5.2.2.GA/android/modules/titanium-database.jar
[DEBUG]  Adding classes.dex
[INFO]   Processing /home/anonymous/Escritorio/Appcelerator_Work/cursoMoviles/build/android/src
[DEBUG]  Adding lib/armeabi/libkroll-v8.so
[DEBUG]  Adding lib/armeabi/libstlport_shared.so
[DEBUG]  Adding lib/armeabi/libtiverify.so
[DEBUG]  Adding lib/armeabi-v7a/libkroll-v8.so
[DEBUG]  Adding lib/armeabi-v7a/libstlport_shared.so
[DEBUG]  Adding lib/armeabi-v7a/libtiverify.so
[DEBUG]  Adding lib/x86/libkroll-v8.so
[DEBUG]  Adding lib/x86/libstlport_shared.so
[DEBUG]  Adding lib/x86/libtiverify.so
[INFO]   Writing unsigned apk: /home/anonymous/Escritorio/Appcelerator_Work/cursoMoviles/build/android/bin/app-unsigned.apk
[INFO]   Using MD5withRSA signature algorithm
[INFO]   Signing apk: /usr/lib/jvm/java-7-oracle/bin/jarsigner "-sigalg" "MD5withRSA" "-digestalg" "SHA1" "-keystore" "/home/anonymous/.titanium/mobilesdk/linux/5.2.2.GA/android/dev_keystore" "-storepass" "*******" "-signedjar" "/home/anonymous/Escritorio/Appcelerator_Work/cursoMoviles/build/android/bin/cursoMoviles.apk" "/home/anonymous/Escritorio/Appcelerator_Work/cursoMoviles/build/android/bin/app-unsigned.apk" "tidev"
[INFO]   Aligning zip file: /home/anonymous/Escritorio/Appcelerator_Studio/build-tools/23.0.1/zipalign "-v" "4" "/home/anonymous/Escritorio/Appcelerator_Work/cursoMoviles/build/android/bin/cursoMoviles.apk" "/home/anonymous/Escritorio/Appcelerator_Work/cursoMoviles/build/android/bin/cursoMoviles.apkz"
[INFO]   Writing build manifest: /home/anonymous/Escritorio/Appcelerator_Work/cursoMoviles/build/android/build-manifest.json
[INFO]   Making sure the adb server is running
[INFO]   Installing apk: /home/anonymous/Escritorio/Appcelerator_Work/cursoMoviles/build/android/bin/cursoMoviles.apk
[INFO]   Installing app on device: SM-J700M
[TRACE]  Checking if package manager service is started
[TRACE]  Package manager has started
[TRACE]  Executing: /home/anonymous/Escritorio/Appcelerator_Studio/platform-tools/adb -s 3300f86e3f4e82af install -r /home/anonymous/Escritorio/Appcelerator_Work/cursoMoviles/build/android/bin/cursoMoviles.apk
[INFO]   App successfully installed
[INFO]   Starting app: com.cursoMoviles/.CursomovilesActivity
[DEBUG]  Trying to start the app...
[INFO]   Application pid: 4555
[INFO]   Project built successfully in 1m 4s 965ms
